
fibonacci.o：     文件格式 elf64-x86-64

节：
Idx Name          Size      VMA               LMA               File off  Algn
  0 .interp       0000001c  0000000000000318  0000000000000318  00000318  2**0
                  CONTENTS, ALLOC, LOAD, READONLY, DATA
  1 .note.gnu.property 00000020  0000000000000338  0000000000000338  00000338  2**3
                  CONTENTS, ALLOC, LOAD, READONLY, DATA
  2 .note.gnu.build-id 00000024  0000000000000358  0000000000000358  00000358  2**2
                  CONTENTS, ALLOC, LOAD, READONLY, DATA
  3 .note.ABI-tag 00000020  000000000000037c  000000000000037c  0000037c  2**2
                  CONTENTS, ALLOC, LOAD, READONLY, DATA
  4 .gnu.hash     00000024  00000000000003a0  00000000000003a0  000003a0  2**3
                  CONTENTS, ALLOC, LOAD, READONLY, DATA
  5 .dynsym       000000c0  00000000000003c8  00000000000003c8  000003c8  2**3
                  CONTENTS, ALLOC, LOAD, READONLY, DATA
  6 .dynstr       0000009f  0000000000000488  0000000000000488  00000488  2**0
                  CONTENTS, ALLOC, LOAD, READONLY, DATA
  7 .gnu.version  00000010  0000000000000528  0000000000000528  00000528  2**1
                  CONTENTS, ALLOC, LOAD, READONLY, DATA
  8 .gnu.version_r 00000030  0000000000000538  0000000000000538  00000538  2**3
                  CONTENTS, ALLOC, LOAD, READONLY, DATA
  9 .rela.dyn     000000c0  0000000000000568  0000000000000568  00000568  2**3
                  CONTENTS, ALLOC, LOAD, READONLY, DATA
 10 .rela.plt     00000030  0000000000000628  0000000000000628  00000628  2**3
                  CONTENTS, ALLOC, LOAD, READONLY, DATA
 11 .init         0000001b  0000000000001000  0000000000001000  00001000  2**2
                  CONTENTS, ALLOC, LOAD, READONLY, CODE
 12 .plt          00000030  0000000000001020  0000000000001020  00001020  2**4
                  CONTENTS, ALLOC, LOAD, READONLY, CODE
 13 .plt.got      00000010  0000000000001050  0000000000001050  00001050  2**4
                  CONTENTS, ALLOC, LOAD, READONLY, CODE
 14 .plt.sec      00000020  0000000000001060  0000000000001060  00001060  2**4
                  CONTENTS, ALLOC, LOAD, READONLY, CODE
 15 .text         00000225  0000000000001080  0000000000001080  00001080  2**4
                  CONTENTS, ALLOC, LOAD, READONLY, CODE
 16 .fini         0000000d  00000000000012a8  00000000000012a8  000012a8  2**2
                  CONTENTS, ALLOC, LOAD, READONLY, CODE
 17 .rodata       00000021  0000000000002000  0000000000002000  00002000  2**2
                  CONTENTS, ALLOC, LOAD, READONLY, DATA
 18 .eh_frame_hdr 00000044  0000000000002024  0000000000002024  00002024  2**2
                  CONTENTS, ALLOC, LOAD, READONLY, DATA
 19 .eh_frame     00000108  0000000000002068  0000000000002068  00002068  2**3
                  CONTENTS, ALLOC, LOAD, READONLY, DATA
 20 .init_array   00000008  0000000000003db0  0000000000003db0  00002db0  2**3
                  CONTENTS, ALLOC, LOAD, DATA
 21 .fini_array   00000008  0000000000003db8  0000000000003db8  00002db8  2**3
                  CONTENTS, ALLOC, LOAD, DATA
 22 .dynamic      000001f0  0000000000003dc0  0000000000003dc0  00002dc0  2**3
                  CONTENTS, ALLOC, LOAD, DATA
 23 .got          00000050  0000000000003fb0  0000000000003fb0  00002fb0  2**3
                  CONTENTS, ALLOC, LOAD, DATA
 24 .data         00000010  0000000000004000  0000000000004000  00003000  2**3
                  CONTENTS, ALLOC, LOAD, DATA
 25 .bss          00000008  0000000000004010  0000000000004010  00003010  2**0
                  ALLOC
 26 .comment      0000002b  0000000000000000  0000000000000000  00003010  2**0
                  CONTENTS, READONLY
