
fibonacci.o：     文件格式 elf64-x86-64


Disassembly of section .init:

0000000000001000 <_init>:
    1000:	f3 0f 1e fa          	endbr64 
    1004:	48 83 ec 08          	sub    $0x8,%rsp
    1008:	48 8b 05 d9 2f 00 00 	mov    0x2fd9(%rip),%rax        # 3fe8 <__gmon_start__>
    100f:	48 85 c0             	test   %rax,%rax
    1012:	74 02                	je     1016 <_init+0x16>
    1014:	ff d0                	callq  *%rax
    1016:	48 83 c4 08          	add    $0x8,%rsp
    101a:	c3                   	retq   

Disassembly of section .plt:

0000000000001020 <.plt>:
    1020:	ff 35 92 2f 00 00    	pushq  0x2f92(%rip)        # 3fb8 <_GLOBAL_OFFSET_TABLE_+0x8>
    1026:	f2 ff 25 93 2f 00 00 	bnd jmpq *0x2f93(%rip)        # 3fc0 <_GLOBAL_OFFSET_TABLE_+0x10>
    102d:	0f 1f 00             	nopl   (%rax)
    1030:	f3 0f 1e fa          	endbr64 
    1034:	68 00 00 00 00       	pushq  $0x0
    1039:	f2 e9 e1 ff ff ff    	bnd jmpq 1020 <.plt>
    103f:	90                   	nop
    1040:	f3 0f 1e fa          	endbr64 
    1044:	68 01 00 00 00       	pushq  $0x1
    1049:	f2 e9 d1 ff ff ff    	bnd jmpq 1020 <.plt>
    104f:	90                   	nop

Disassembly of section .plt.got:

0000000000001050 <__cxa_finalize@plt>:
    1050:	f3 0f 1e fa          	endbr64 
    1054:	f2 ff 25 9d 2f 00 00 	bnd jmpq *0x2f9d(%rip)        # 3ff8 <__cxa_finalize@GLIBC_2.2.5>
    105b:	0f 1f 44 00 00       	nopl   0x0(%rax,%rax,1)

Disassembly of section .plt.sec:

0000000000001060 <__stack_chk_fail@plt>:
    1060:	f3 0f 1e fa          	endbr64 
    1064:	f2 ff 25 5d 2f 00 00 	bnd jmpq *0x2f5d(%rip)        # 3fc8 <__stack_chk_fail@GLIBC_2.4>
    106b:	0f 1f 44 00 00       	nopl   0x0(%rax,%rax,1)

0000000000001070 <printf@plt>:
    1070:	f3 0f 1e fa          	endbr64 
    1074:	f2 ff 25 55 2f 00 00 	bnd jmpq *0x2f55(%rip)        # 3fd0 <printf@GLIBC_2.2.5>
    107b:	0f 1f 44 00 00       	nopl   0x0(%rax,%rax,1)

Disassembly of section .text:

0000000000001080 <_start>:
    1080:	f3 0f 1e fa          	endbr64 
    1084:	31 ed                	xor    %ebp,%ebp
    1086:	49 89 d1             	mov    %rdx,%r9
    1089:	5e                   	pop    %rsi
    108a:	48 89 e2             	mov    %rsp,%rdx
    108d:	48 83 e4 f0          	and    $0xfffffffffffffff0,%rsp
    1091:	50                   	push   %rax
    1092:	54                   	push   %rsp
    1093:	4c 8d 05 06 02 00 00 	lea    0x206(%rip),%r8        # 12a0 <__libc_csu_fini>
    109a:	48 8d 0d 8f 01 00 00 	lea    0x18f(%rip),%rcx        # 1230 <__libc_csu_init>
    10a1:	48 8d 3d c1 00 00 00 	lea    0xc1(%rip),%rdi        # 1169 <main>
    10a8:	ff 15 32 2f 00 00    	callq  *0x2f32(%rip)        # 3fe0 <__libc_start_main@GLIBC_2.2.5>
    10ae:	f4                   	hlt    
    10af:	90                   	nop

00000000000010b0 <deregister_tm_clones>:
    10b0:	48 8d 3d 59 2f 00 00 	lea    0x2f59(%rip),%rdi        # 4010 <__TMC_END__>
    10b7:	48 8d 05 52 2f 00 00 	lea    0x2f52(%rip),%rax        # 4010 <__TMC_END__>
    10be:	48 39 f8             	cmp    %rdi,%rax
    10c1:	74 15                	je     10d8 <deregister_tm_clones+0x28>
    10c3:	48 8b 05 0e 2f 00 00 	mov    0x2f0e(%rip),%rax        # 3fd8 <_ITM_deregisterTMCloneTable>
    10ca:	48 85 c0             	test   %rax,%rax
    10cd:	74 09                	je     10d8 <deregister_tm_clones+0x28>
    10cf:	ff e0                	jmpq   *%rax
    10d1:	0f 1f 80 00 00 00 00 	nopl   0x0(%rax)
    10d8:	c3                   	retq   
    10d9:	0f 1f 80 00 00 00 00 	nopl   0x0(%rax)

00000000000010e0 <register_tm_clones>:
    10e0:	48 8d 3d 29 2f 00 00 	lea    0x2f29(%rip),%rdi        # 4010 <__TMC_END__>
    10e7:	48 8d 35 22 2f 00 00 	lea    0x2f22(%rip),%rsi        # 4010 <__TMC_END__>
    10ee:	48 29 fe             	sub    %rdi,%rsi
    10f1:	48 89 f0             	mov    %rsi,%rax
    10f4:	48 c1 ee 3f          	shr    $0x3f,%rsi
    10f8:	48 c1 f8 03          	sar    $0x3,%rax
    10fc:	48 01 c6             	add    %rax,%rsi
    10ff:	48 d1 fe             	sar    %rsi
    1102:	74 14                	je     1118 <register_tm_clones+0x38>
    1104:	48 8b 05 e5 2e 00 00 	mov    0x2ee5(%rip),%rax        # 3ff0 <_ITM_registerTMCloneTable>
    110b:	48 85 c0             	test   %rax,%rax
    110e:	74 08                	je     1118 <register_tm_clones+0x38>
    1110:	ff e0                	jmpq   *%rax
    1112:	66 0f 1f 44 00 00    	nopw   0x0(%rax,%rax,1)
    1118:	c3                   	retq   
    1119:	0f 1f 80 00 00 00 00 	nopl   0x0(%rax)

0000000000001120 <__do_global_dtors_aux>:
    1120:	f3 0f 1e fa          	endbr64 
    1124:	80 3d e5 2e 00 00 00 	cmpb   $0x0,0x2ee5(%rip)        # 4010 <__TMC_END__>
    112b:	75 2b                	jne    1158 <__do_global_dtors_aux+0x38>
    112d:	55                   	push   %rbp
    112e:	48 83 3d c2 2e 00 00 	cmpq   $0x0,0x2ec2(%rip)        # 3ff8 <__cxa_finalize@GLIBC_2.2.5>
    1135:	00 
    1136:	48 89 e5             	mov    %rsp,%rbp
    1139:	74 0c                	je     1147 <__do_global_dtors_aux+0x27>
    113b:	48 8b 3d c6 2e 00 00 	mov    0x2ec6(%rip),%rdi        # 4008 <__dso_handle>
    1142:	e8 09 ff ff ff       	callq  1050 <__cxa_finalize@plt>
    1147:	e8 64 ff ff ff       	callq  10b0 <deregister_tm_clones>
    114c:	c6 05 bd 2e 00 00 01 	movb   $0x1,0x2ebd(%rip)        # 4010 <__TMC_END__>
    1153:	5d                   	pop    %rbp
    1154:	c3                   	retq   
    1155:	0f 1f 00             	nopl   (%rax)
    1158:	c3                   	retq   
    1159:	0f 1f 80 00 00 00 00 	nopl   0x0(%rax)

0000000000001160 <frame_dummy>:
    1160:	f3 0f 1e fa          	endbr64 
    1164:	e9 77 ff ff ff       	jmpq   10e0 <register_tm_clones>

0000000000001169 <main>:
    1169:	f3 0f 1e fa          	endbr64 
    116d:	55                   	push   %rbp
    116e:	48 89 e5             	mov    %rsp,%rbp
    1171:	48 83 ec 40          	sub    $0x40,%rsp
    1175:	64 48 8b 04 25 28 00 	mov    %fs:0x28,%rax
    117c:	00 00 
    117e:	48 89 45 f8          	mov    %rax,-0x8(%rbp)
    1182:	31 c0                	xor    %eax,%eax
    1184:	c7 45 d0 01 00 00 00 	movl   $0x1,-0x30(%rbp)
    118b:	c7 45 d4 01 00 00 00 	movl   $0x1,-0x2c(%rbp)
    1192:	c7 45 c8 02 00 00 00 	movl   $0x2,-0x38(%rbp)
    1199:	eb 27                	jmp    11c2 <main+0x59>
    119b:	8b 45 c8             	mov    -0x38(%rbp),%eax
    119e:	83 e8 01             	sub    $0x1,%eax
    11a1:	48 98                	cltq   
    11a3:	8b 54 85 d0          	mov    -0x30(%rbp,%rax,4),%edx
    11a7:	8b 45 c8             	mov    -0x38(%rbp),%eax
    11aa:	83 e8 02             	sub    $0x2,%eax
    11ad:	48 98                	cltq   
    11af:	8b 44 85 d0          	mov    -0x30(%rbp,%rax,4),%eax
    11b3:	01 c2                	add    %eax,%edx
    11b5:	8b 45 c8             	mov    -0x38(%rbp),%eax
    11b8:	48 98                	cltq   
    11ba:	89 54 85 d0          	mov    %edx,-0x30(%rbp,%rax,4)
    11be:	83 45 c8 01          	addl   $0x1,-0x38(%rbp)
    11c2:	83 7d c8 09          	cmpl   $0x9,-0x38(%rbp)
    11c6:	7e d3                	jle    119b <main+0x32>
    11c8:	c7 45 c8 00 00 00 00 	movl   $0x0,-0x38(%rbp)
    11cf:	eb 37                	jmp    1208 <main+0x9f>
    11d1:	48 8d 45 d0          	lea    -0x30(%rbp),%rax
    11d5:	8b 55 c8             	mov    -0x38(%rbp),%edx
    11d8:	48 63 d2             	movslq %edx,%rdx
    11db:	48 c1 e2 02          	shl    $0x2,%rdx
    11df:	48 01 d0             	add    %rdx,%rax
    11e2:	89 45 cc             	mov    %eax,-0x34(%rbp)
    11e5:	8b 45 c8             	mov    -0x38(%rbp),%eax
    11e8:	48 98                	cltq   
    11ea:	8b 44 85 d0          	mov    -0x30(%rbp,%rax,4),%eax
    11ee:	8b 55 cc             	mov    -0x34(%rbp),%edx
    11f1:	89 c6                	mov    %eax,%esi
    11f3:	48 8d 3d 0a 0e 00 00 	lea    0xe0a(%rip),%rdi        # 2004 <_IO_stdin_used+0x4>
    11fa:	b8 00 00 00 00       	mov    $0x0,%eax
    11ff:	e8 6c fe ff ff       	callq  1070 <printf@plt>
    1204:	83 45 c8 01          	addl   $0x1,-0x38(%rbp)
    1208:	83 7d c8 09          	cmpl   $0x9,-0x38(%rbp)
    120c:	7e c3                	jle    11d1 <main+0x68>
    120e:	b8 00 00 00 00       	mov    $0x0,%eax
    1213:	48 8b 4d f8          	mov    -0x8(%rbp),%rcx
    1217:	64 48 33 0c 25 28 00 	xor    %fs:0x28,%rcx
    121e:	00 00 
    1220:	74 05                	je     1227 <main+0xbe>
    1222:	e8 39 fe ff ff       	callq  1060 <__stack_chk_fail@plt>
    1227:	c9                   	leaveq 
    1228:	c3                   	retq   
    1229:	0f 1f 80 00 00 00 00 	nopl   0x0(%rax)

0000000000001230 <__libc_csu_init>:
    1230:	f3 0f 1e fa          	endbr64 
    1234:	41 57                	push   %r15
    1236:	4c 8d 3d 73 2b 00 00 	lea    0x2b73(%rip),%r15        # 3db0 <__frame_dummy_init_array_entry>
    123d:	41 56                	push   %r14
    123f:	49 89 d6             	mov    %rdx,%r14
    1242:	41 55                	push   %r13
    1244:	49 89 f5             	mov    %rsi,%r13
    1247:	41 54                	push   %r12
    1249:	41 89 fc             	mov    %edi,%r12d
    124c:	55                   	push   %rbp
    124d:	48 8d 2d 64 2b 00 00 	lea    0x2b64(%rip),%rbp        # 3db8 <__do_global_dtors_aux_fini_array_entry>
    1254:	53                   	push   %rbx
    1255:	4c 29 fd             	sub    %r15,%rbp
    1258:	48 83 ec 08          	sub    $0x8,%rsp
    125c:	e8 9f fd ff ff       	callq  1000 <_init>
    1261:	48 c1 fd 03          	sar    $0x3,%rbp
    1265:	74 1f                	je     1286 <__libc_csu_init+0x56>
    1267:	31 db                	xor    %ebx,%ebx
    1269:	0f 1f 80 00 00 00 00 	nopl   0x0(%rax)
    1270:	4c 89 f2             	mov    %r14,%rdx
    1273:	4c 89 ee             	mov    %r13,%rsi
    1276:	44 89 e7             	mov    %r12d,%edi
    1279:	41 ff 14 df          	callq  *(%r15,%rbx,8)
    127d:	48 83 c3 01          	add    $0x1,%rbx
    1281:	48 39 dd             	cmp    %rbx,%rbp
    1284:	75 ea                	jne    1270 <__libc_csu_init+0x40>
    1286:	48 83 c4 08          	add    $0x8,%rsp
    128a:	5b                   	pop    %rbx
    128b:	5d                   	pop    %rbp
    128c:	41 5c                	pop    %r12
    128e:	41 5d                	pop    %r13
    1290:	41 5e                	pop    %r14
    1292:	41 5f                	pop    %r15
    1294:	c3                   	retq   
    1295:	66 66 2e 0f 1f 84 00 	data16 nopw %cs:0x0(%rax,%rax,1)
    129c:	00 00 00 00 

00000000000012a0 <__libc_csu_fini>:
    12a0:	f3 0f 1e fa          	endbr64 
    12a4:	c3                   	retq   

Disassembly of section .fini:

00000000000012a8 <_fini>:
    12a8:	f3 0f 1e fa          	endbr64 
    12ac:	48 83 ec 08          	sub    $0x8,%rsp
    12b0:	48 83 c4 08          	add    $0x8,%rsp
    12b4:	c3                   	retq   
